# JRE version: Java(TM) SE Runtime Environment (8.0_221-b11) (build 1.8.0_221-b11)
# Java VM: Java HotSpot(TM) 64-Bit Server VM (25.221-b11 mixed mode windows-amd64 compressed oops)
Heap:
 PSYoungGen      total 108544K, used 30631K [0x000000076b580000, 0x0000000772e00000, 0x00000007c0000000)
  eden space 97792K, 31% used [0x000000076b580000,0x000000076d369d20,0x0000000771500000)
  from space 10752K, 0% used [0x0000000772380000,0x0000000772380000,0x0000000772e00000)
  to   space 10752K, 0% used [0x0000000771900000,0x0000000771900000,0x0000000772380000)
 ParOldGen       total 144896K, used 14739K [0x00000006c2000000, 0x00000006cad80000, 0x000000076b580000)
  object space 144896K, 10% used [0x00000006c2000000,0x00000006c2e64ef0,0x00000006cad80000)
 Metaspace       used 33663K, capacity 35552K, committed 35968K, reserved 1081344K
  class space    used 4346K, capacity 4692K, committed 4736K, reserved 1048576K
GC Heap History (10 events):
Event: 3.398 GC heap before
{Heap before GC invocations=2 (full 0):
 PSYoungGen      total 75776K, used 47334K [0x000000076b580000, 0x0000000770a00000, 0x00000007c0000000)
  eden space 65024K, 58% used [0x000000076b580000,0x000000076da6f798,0x000000076f500000)
  from space 10752K, 88% used [0x000000076f500000,0x000000076fe4a3e8,0x000000076ff80000)
  to   space 10752K, 0% used [0x000000076ff80000,0x000000076ff80000,0x0000000770a00000)
 ParOldGen       total 173568K, used 16K [0x00000006c2000000, 0x00000006cc980000, 0x000000076b580000)
  object space 173568K, 0% used [0x00000006c2000000,0x00000006c2004000,0x00000006cc980000)
 Metaspace       used 20536K, capacity 21196K, committed 21296K, reserved 1067008K
  class space    used 2697K, capacity 2866K, committed 2944K, reserved 1048576K
Event: 3.431 GC heap after
Heap after GC invocations=2 (full 0):
 PSYoungGen      total 75776K, used 9859K [0x000000076b580000, 0x0000000774980000, 0x00000007c0000000)
  eden space 65024K, 0% used [0x000000076b580000,0x000000076b580000,0x000000076f500000)
  from space 10752K, 91% used [0x000000076ff80000,0x0000000770920d08,0x0000000770a00000)
  to   space 10752K, 0% used [0x000000076f500000,0x000000076f500000,0x000000076ff80000)
 ParOldGen       total 173568K, used 24K [0x00000006c2000000, 0x00000006cc980000, 0x000000076b580000)
  object space 173568K, 0% used [0x00000006c2000000,0x00000006c2006000,0x00000006cc980000)
 Metaspace       used 20536K, capacity 21196K, committed 21296K, reserved 1067008K
  class space    used 2697K, capacity 2866K, committed 2944K, reserved 1048576K
}
Event: 3.431 GC heap before
{Heap before GC invocations=3 (full 1):
 PSYoungGen      total 75776K, used 9859K [0x000000076b580000, 0x0000000774980000, 0x00000007c0000000)
  eden space 65024K, 0% used [0x000000076b580000,0x000000076b580000,0x000000076f500000)
  from space 10752K, 91% used [0x000000076ff80000,0x0000000770920d08,0x0000000770a00000)
  to   space 10752K, 0% used [0x000000076f500000,0x000000076f500000,0x000000076ff80000)
 ParOldGen       total 173568K, used 24K [0x00000006c2000000, 0x00000006cc980000, 0x000000076b580000)
  object space 173568K, 0% used [0x00000006c2000000,0x00000006c2006000,0x00000006cc980000)
 Metaspace       used 20536K, capacity 21196K, committed 21296K, reserved 1067008K
  class space    used 2697K, capacity 2866K, committed 2944K, reserved 1048576K
Event: 3.477 GC heap after
Heap after GC invocations=3 (full 1):
 PSYoungGen      total 75776K, used 0K [0x000000076b580000, 0x0000000774980000, 0x00000007c0000000)
  eden space 65024K, 0% used [0x000000076b580000,0x000000076b580000,0x000000076f500000)
  from space 10752K, 0% used [0x000000076ff80000,0x000000076ff80000,0x0000000770a00000)
  to   space 10752K, 0% used [0x000000076f500000,0x000000076f500000,0x000000076ff80000)
 ParOldGen       total 99840K, used 9448K [0x00000006c2000000, 0x00000006c8180000, 0x000000076b580000)
  object space 99840K, 9% used [0x00000006c2000000,0x00000006c293a320,0x00000006c8180000)
 Metaspace       used 20536K, capacity 21196K, committed 21296K, reserved 1067008K
  class space    used 2697K, capacity 2866K, committed 2944K, reserved 1048576K
}
Event: 7.044 GC heap before
{Heap before GC invocations=4 (full 1):
 PSYoungGen      total 75776K, used 65024K [0x000000076b580000, 0x0000000774980000, 0x00000007c0000000)
  eden space 65024K, 100% used [0x000000076b580000,0x000000076f500000,0x000000076f500000)
  from space 10752K, 0% used [0x000000076ff80000,0x000000076ff80000,0x0000000770a00000)
  to   space 10752K, 0% used [0x000000076f500000,0x000000076f500000,0x000000076ff80000)
 ParOldGen       total 99840K, used 9448K [0x00000006c2000000, 0x00000006c8180000, 0x000000076b580000)
  object space 99840K, 9% used [0x00000006c2000000,0x00000006c293a320,0x00000006c8180000)
 Metaspace       used 27846K, capacity 29230K, committed 29568K, reserved 1075200K
  class space    used 3647K, capacity 3913K, committed 3968K, reserved 1048576K
Event: 7.071 GC heap after
Heap after GC invocations=4 (full 1):
 PSYoungGen      total 75776K, used 9620K [0x000000076b580000, 0x0000000772e00000, 0x00000007c0000000)
  eden space 65024K, 0% used [0x000000076b580000,0x000000076b580000,0x000000076f500000)
  from space 10752K, 89% used [0x000000076f500000,0x000000076fe65250,0x000000076ff80000)
  to   space 10752K, 0% used [0x0000000772380000,0x0000000772380000,0x0000000772e00000)
 ParOldGen       total 99840K, used 9456K [0x00000006c2000000, 0x00000006c8180000, 0x000000076b580000)
  object space 99840K, 9% used [0x00000006c2000000,0x00000006c293c320,0x00000006c8180000)
 Metaspace       used 27846K, capacity 29230K, committed 29568K, reserved 1075200K
  class space    used 3647K, capacity 3913K, committed 3968K, reserved 1048576K
}
Event: 19.173 GC heap before
{Heap before GC invocations=5 (full 1):
 PSYoungGen      total 75776K, used 65898K [0x000000076b580000, 0x0000000772e00000, 0x00000007c0000000)
  eden space 65024K, 86% used [0x000000076b580000,0x000000076ec757f0,0x000000076f500000)
  from space 10752K, 89% used [0x000000076f500000,0x000000076fe65250,0x000000076ff80000)
  to   space 10752K, 0% used [0x0000000772380000,0x0000000772380000,0x0000000772e00000)
 ParOldGen       total 99840K, used 9456K [0x00000006c2000000, 0x00000006c8180000, 0x000000076b580000)
  object space 99840K, 9% used [0x00000006c2000000,0x00000006c293c320,0x00000006c8180000)
 Metaspace       used 33396K, capacity 35384K, committed 35456K, reserved 1079296K
  class space    used 4363K, capacity 4722K, committed 4736K, reserved 1048576K
Event: 19.197 GC heap after
Heap after GC invocations=5 (full 1):
 PSYoungGen      total 108544K, used 10747K [0x000000076b580000, 0x0000000772e00000, 0x00000007c0000000)
  eden space 97792K, 0% used [0x000000076b580000,0x000000076b580000,0x0000000771500000)
  from space 10752K, 99% used [0x0000000772380000,0x0000000772dfec20,0x0000000772e00000)
  to   space 10752K, 0% used [0x0000000771900000,0x0000000771900000,0x0000000772380000)
 ParOldGen       total 99840K, used 9613K [0x00000006c2000000, 0x00000006c8180000, 0x000000076b580000)
  object space 99840K, 9% used [0x00000006c2000000,0x00000006c2963458,0x00000006c8180000)
 Metaspace       used 33396K, capacity 35384K, committed 35456K, reserved 1079296K
  class space    used 4363K, capacity 4722K, committed 4736K, reserved 1048576K
}
Event: 19.197 GC heap before
{Heap before GC invocations=6 (full 2):
 PSYoungGen      total 108544K, used 10747K [0x000000076b580000, 0x0000000772e00000, 0x00000007c0000000)
  eden space 97792K, 0% used [0x000000076b580000,0x000000076b580000,0x0000000771500000)
  from space 10752K, 99% used [0x0000000772380000,0x0000000772dfec20,0x0000000772e00000)
  to   space 10752K, 0% used [0x0000000771900000,0x0000000771900000,0x0000000772380000)
 ParOldGen       total 99840K, used 9613K [0x00000006c2000000, 0x00000006c8180000, 0x000000076b580000)
  object space 99840K, 9% used [0x00000006c2000000,0x00000006c2963458,0x00000006c8180000)
 Metaspace       used 33396K, capacity 35384K, committed 35456K, reserved 1079296K
  class space    used 4363K, capacity 4722K, committed 4736K, reserved 1048576K
Event: 19.309 GC heap after
Heap after GC invocations=6 (full 2):
 PSYoungGen      total 108544K, used 0K [0x000000076b580000, 0x0000000772e00000, 0x00000007c0000000)
  eden space 97792K, 0% used [0x000000076b580000,0x000000076b580000,0x0000000771500000)
  from space 10752K, 0% used [0x0000000772380000,0x0000000772380000,0x0000000772e00000)
  to   space 10752K, 0% used [0x0000000771900000,0x0000000771900000,0x0000000772380000)
 ParOldGen       total 144896K, used 14739K [0x00000006c2000000, 0x00000006cad80000, 0x000000076b580000)
  object space 144896K, 10% used [0x00000006c2000000,0x00000006c2e64ef0,0x00000006cad80000)
 Metaspace       used 33331K, capacity 35192K, committed 35456K, reserved 1079296K
  class space    used 4343K, capacity 4688K, committed 4736K, reserved 1048576K
}

